<?xml version="1.0" encoding="UTF-8"?>
<!-- Generated by org.testng.reporters.JUnitReportReporter -->
<testsuite hostname="user1" failures="0" tests="2" name="runner.CRMRunner" time="0.157" errors="0" timestamp="2025-04-11T15:46:55 IST" skipped="0">
  <testcase classname="runner.CRMRunner" name="runScenario" time="0.140"/>
  <testcase classname="runner.CRMRunner" name="runScenario" time="0.017"/>
</testsuite> <!-- runner.CRMRunner -->
