<?xml version="1.0" encoding="UTF-8"?>
<!-- Generated by org.testng.reporters.JUnitReportReporter -->
<testsuite hostname="user1" failures="0" tests="1" name="testAutomation.GooogleTest" time="3.385" errors="0" timestamp="2025-03-25T15:00:33 IST" skipped="0">
  <testcase classname="testAutomation.GooogleTest" name="hoo" time="3.385"/>
</testsuite> <!-- testAutomation.GooogleTest -->
