<?xml version="1.0" encoding="UTF-8"?>
<!-- Generated by org.testng.reporters.JUnitReportReporter -->
<testsuite hostname="user1" failures="0" tests="1" name="propertyfilespractice.Login" time="8.623" errors="0" timestamp="2025-04-03T15:40:48 IST" skipped="0">
  <testcase classname="propertyfilespractice.Login" name="Logincred" time="8.623"/>
</testsuite> <!-- propertyfilespractice.Login -->
