<?xml version="1.0" encoding="UTF-8"?>
<!-- Generated by org.testng.reporters.JUnitReportReporter -->
<testsuite hostname="user1" failures="0" tests="1" name="testAutomation.shadowdom" time="7.457" errors="0" timestamp="2025-04-09T12:09:05 IST" skipped="0">
  <testcase classname="testAutomation.shadowdom" name="shdowdompractise" time="7.457"/>
</testsuite> <!-- testAutomation.shadowdom -->
