<?xml version="1.0" encoding="UTF-8"?>
<!-- Generated by org.testng.reporters.JUnitReportReporter -->
<testsuite hostname="user1" failures="0" tests="3" name="paraleeltesting.classOne" time="6.564" errors="0" timestamp="2025-04-03T14:47:11 IST" skipped="0">
  <testcase classname="paraleeltesting.classOne" name="sample12" time="2.676"/>
  <testcase classname="paraleeltesting.classOne" name="sample11" time="2.229"/>
  <testcase classname="paraleeltesting.classOne" name="sample13" time="1.659"/>
</testsuite> <!-- paraleeltesting.classOne -->
