<?xml version="1.0" encoding="UTF-8"?>
<!-- Generated by org.testng.reporters.JUnitReportReporter -->
<testsuite hostname="user1" failures="0" tests="4" name="testAutomation.testngpractise" time="35.202" errors="0" timestamp="2025-04-02T16:54:33 IST" skipped="0">
  <testcase classname="testAutomation.testngpractise" name="crimestores" time="8.169"/>
  <testcase classname="testAutomation.testngpractise" name="novelstores" time="8.594"/>
  <testcase classname="testAutomation.testngpractise" name="Horror" time="10.238"/>
  <testcase classname="testAutomation.testngpractise" name="Fantasy" time="8.201"/>
</testsuite> <!-- testAutomation.testngpractise -->
