<?xml version="1.0" encoding="UTF-8"?>
<!-- Generated by org.testng.reporters.JUnitReportReporter -->
<testsuite hostname="user1" failures="0" tests="1" name="testAutomation.pageloadtimeout" time="7.788" errors="0" timestamp="2025-04-01T17:15:39 IST" skipped="0">
  <testcase classname="testAutomation.pageloadtimeout" name="loadtimepage" time="7.788"/>
</testsuite> <!-- testAutomation.pageloadtimeout -->
