<?xml version="1.0" encoding="UTF-8"?>
<!-- Generated by org.testng.reporters.JUnitReportReporter -->
<testsuite hostname="user1" failures="0" tests="3" name="groupstestng.sampleone" time="0.011" errors="0" timestamp="2025-04-02T16:34:22 IST" skipped="0">
  <testcase classname="groupstestng.sampleone" name="sampleOne" time="0.004"/>
  <testcase classname="groupstestng.sampleone" name="sampletwo" time="0.003"/>
  <testcase classname="groupstestng.sampleone" name="samplethree" time="0.004"/>
</testsuite> <!-- groupstestng.sampleone -->
