<?xml version="1.0" encoding="UTF-8"?>
<!-- Generated by org.testng.reporters.JUnitReportReporter -->
<testsuite hostname="user1" failures="0" tests="1" name="testAutomation.NewTest" time="0.004" errors="0" timestamp="2025-04-01T17:15:39 IST" skipped="0">
  <testcase classname="testAutomation.NewTest" name="f" time="0.004"/>
</testsuite> <!-- testAutomation.NewTest -->
