<?xml version="1.0" encoding="UTF-8"?>
<!-- Generated by org.testng.reporters.JUnitReportReporter -->
<testsuite hostname="user1" failures="0" tests="1" name="testAutomation.autodropdown" time="9.105" errors="0" timestamp="2025-04-01T16:17:28 IST" skipped="0">
  <testcase classname="testAutomation.autodropdown" name="autodropdown" time="9.105"/>
</testsuite> <!-- testAutomation.autodropdown -->
