<?xml version="1.0" encoding="UTF-8"?>
<!-- Generated by org.testng.reporters.JUnitReportReporter -->
<testsuite hostname="user1" failures="0" tests="3" name="groupstestng.sampletwo" time="0.032" errors="0" timestamp="2025-04-02T16:34:22 IST" skipped="0">
  <testcase classname="groupstestng.sampletwo" name="samthree" time="0.004"/>
  <testcase classname="groupstestng.sampletwo" name="samone" time="0.024"/>
  <testcase classname="groupstestng.sampletwo" name="samtwo" time="0.004"/>
</testsuite> <!-- groupstestng.sampletwo -->
