<?xml version="1.0" encoding="UTF-8"?>
<!-- Generated by org.testng.reporters.JUnitReportReporter -->
<testsuite hostname="seroiwvdec54487" failures="0" tests="1" name="testAutomation.shadowdom" time="5.221" errors="0" timestamp="2025-06-26T19:46:40 IST" skipped="0">
  <testcase classname="testAutomation.shadowdom" name="shdowdompractise" time="5.221"/>
</testsuite> <!-- testAutomation.shadowdom -->
