<?xml version="1.0" encoding="UTF-8"?>
<!-- Generated by org.testng.reporters.JUnitReportReporter -->
<testsuite hostname="user1" failures="0" tests="3" name="excelrepo.excelpractice" time="27.690" errors="0" timestamp="2025-04-03T17:49:01 IST" skipped="0">
  <testcase classname="excelrepo.excelpractice" name="Logincred" time="8.630"/>
  <testcase classname="excelrepo.excelpractice" name="Logincred" time="9.981"/>
  <testcase classname="excelrepo.excelpractice" name="Logincred" time="9.079"/>
</testsuite> <!-- excelrepo.excelpractice -->
