<?xml version="1.0" encoding="UTF-8"?>
<!-- Generated by org.testng.reporters.JUnitReportReporter -->
<testsuite hostname="user1" failures="0" tests="2" name="paraleeltesting.samplethree" time="0.040" errors="0" timestamp="2025-04-03T15:00:07 IST" skipped="0">
  <testcase classname="paraleeltesting.samplethree" name="sample31" time="0.020"/>
  <testcase classname="paraleeltesting.samplethree" name="sample31" time="0.020"/>
</testsuite> <!-- paraleeltesting.samplethree -->
