<?xml version="1.0" encoding="UTF-8"?>
<!-- Generated by org.testng.reporters.JUnitReportReporter -->
<testsuite hostname="user1" failures="0" tests="1" name="testAutomation.theory" time="4.046" errors="0" timestamp="2025-04-04T17:40:14 IST" skipped="0">
  <testcase classname="testAutomation.theory" name="hd" time="4.046"/>
</testsuite> <!-- testAutomation.theory -->
