<?xml version="1.0" encoding="UTF-8"?>
<!-- Generated by org.testng.reporters.JUnitReportReporter -->
<testsuite hostname="user1" failures="0" tests="3" name="csvfilepractice" time="25.055" errors="0" timestamp="2025-04-03T16:53:36 IST" skipped="0">
  <testcase classname="csvfilepractice" name="Logincred" time="7.787"/>
  <testcase classname="csvfilepractice" name="Logincred" time="8.150"/>
  <testcase classname="csvfilepractice" name="Logincred" time="9.118"/>
</testsuite> <!-- csvfilepractice -->
