<?xml version="1.0" encoding="UTF-8"?>
<!-- Generated by org.testng.reporters.JUnitReportReporter -->
<testsuite hostname="user1" failures="0" tests="2" name="testAutomation.theory" time="12.491" errors="0" timestamp="2025-04-01T17:15:39 IST" skipped="0">
  <testcase classname="testAutomation.theory" name="hd" time="3.831"/>
  <testcase classname="testAutomation.theory" name="th" time="8.660"/>
</testsuite> <!-- testAutomation.theory -->
