<?xml version="1.0" encoding="UTF-8"?>
<!-- Generated by org.testng.reporters.JUnitReportReporter -->
<testsuite hostname="user1" failures="0" tests="5" name="testAutomation.radiocheckbox" time="46.245" errors="0" timestamp="2025-04-01T17:15:39 IST" skipped="0">
  <testcase classname="testAutomation.radiocheckbox" name="hd" time="7.214"/>
  <testcase classname="testAutomation.radiocheckbox" name="jh" time="11.005"/>
  <testcase classname="testAutomation.radiocheckbox" name="has" time="7.447"/>
  <testcase classname="testAutomation.radiocheckbox" name="hss" time="10.394"/>
  <testcase classname="testAutomation.radiocheckbox" name="hdd" time="10.185"/>
</testsuite> <!-- testAutomation.radiocheckbox -->
