<?xml version="1.0" encoding="UTF-8"?>
<!-- Generated by org.testng.reporters.JUnitReportReporter -->
<testsuite hostname="user1" failures="0" tests="1" name="testAutomation.siblings" time="5.711" errors="0" timestamp="2025-03-25T16:36:21 IST" skipped="0">
  <testcase classname="testAutomation.siblings" name="hd" time="5.711"/>
</testsuite> <!-- testAutomation.siblings -->
