<?xml version="1.0" encoding="UTF-8"?>
<!-- Generated by org.testng.reporters.JUnitReportReporter -->
<testsuite hostname="seroiwvdec54487" failures="0" tests="1" name="testAutomation.RealtiveLocators" time="5.327" errors="0" timestamp="2025-04-30T16:29:11 IST" skipped="0">
  <testcase classname="testAutomation.RealtiveLocators" name="relativeloc" time="5.327"/>
</testsuite> <!-- testAutomation.RealtiveLocators -->
