<?xml version="1.0" encoding="UTF-8"?>
<!-- Generated by org.testng.reporters.JUnitReportReporter -->
<testsuite hostname="user1" failures="0" tests="3" name="groupstestng.sampolethree" time="0.017" errors="0" timestamp="2025-04-02T16:34:22 IST" skipped="0">
  <testcase classname="groupstestng.sampolethree" name="sammmone" time="0.004"/>
  <testcase classname="groupstestng.sampolethree" name="sammthtree" time="0.007"/>
  <testcase classname="groupstestng.sampolethree" name="sammmtwo" time="0.006"/>
</testsuite> <!-- groupstestng.sampolethree -->
