<?xml version="1.0" encoding="UTF-8"?>
<!-- Generated by org.testng.reporters.JUnitReportReporter -->
<testsuite hostname="user1" failures="0" tests="3" name="paraleeltesting.classTwo" time="7.105" errors="0" timestamp="2025-04-03T14:47:11 IST" skipped="0">
  <testcase classname="paraleeltesting.classTwo" name="sample23" time="2.155"/>
  <testcase classname="paraleeltesting.classTwo" name="sample21" time="2.270"/>
  <testcase classname="paraleeltesting.classTwo" name="sample22" time="2.680"/>
</testsuite> <!-- paraleeltesting.classTwo -->
